<?xml version="1.0" encoding="UTF-8"?>
<!-- Generated by org.testng.reporters.JUnitReportReporter -->
<testsuite name="TestSuite" tests="1" time="36.981" ignored="0" failures="0" timestamp="06 Sep 2017 00:51:37 GMT" skipped="0" hostname="admin-PC" errors="0">
  <testcase name="verifyUserIsAbleToLoginSuccessfully" time="36.981" classname="TestSuite"/>
</testsuite> <!-- TestSuite -->
